Build started 9/11/2015 5:39:03 PM.
     1>Project "C:\GeometricAlgebraSystem\VS2012ProjectFiles\GAExpressionLib.vcxproj" on node 2 (Build target(s)).
     1>ClCompile:
         C:\Program Files (x86)\Microsoft Visual Studio 11.0\VC\bin\CL.exe /c /ZI /nologo /W3 /WX- /Od /Oy- /D WIN32 /D GA_EXPRESSION_LIB_API_EXPORT /D _DEBUG /D _WINDOWS /D _USRDLL /D GA_EXPRESSION_LIB_API_EXPORT /D _WINDLL /D _UNICODE /D UNICODE /Gm /EHsc /RTC1 /MDd /GS /fp:precise /Zc:wchar_t /Zc:forScope /Fo"C:\GeometricAlgebraSystem\VS2012ProjectFiles\/../Build/GAExpressionLib/Debug\\" /Fd"C:\GeometricAlgebraSystem\VS2012ProjectFiles\/../Build/GAExpressionLib/Debug\vc110.pdb" /Gd /TP /analyze- /errorReport:prompt ..\GAExpressionLib\InnerProduct.cpp
         InnerProduct.cpp
       Link:
         C:\Program Files (x86)\Microsoft Visual Studio 11.0\VC\bin\link.exe /ERRORREPORT:PROMPT /OUT:"C:\GeometricAlgebraSystem\VS2012ProjectFiles\/../Build/GAExpressionLib/Debug\GAExpressionLib.dll" /INCREMENTAL /NOLOGO kernel32.lib user32.lib gdi32.lib winspool.lib comdlg32.lib advapi32.lib shell32.lib ole32.lib oleaut32.lib uuid.lib odbc32.lib odbccp32.lib /MANIFEST /MANIFESTUAC:"level='asInvoker' uiAccess='false'" /manifest:embed /DEBUG /PDB:"C:\GeometricAlgebraSystem\VS2012ProjectFiles\/../Build/GAExpressionLib/Debug\GAExpressionLib.pdb" /SUBSYSTEM:WINDOWS /TLBID:1 /DYNAMICBASE /NXCOMPAT /IMPLIB:"C:\GeometricAlgebraSystem\VS2012ProjectFiles\/../Build/GAExpressionLib/Debug\GAExpressionLib.lib" /MACHINE:X86 /DLL C:\GeometricAlgebraSystem\VS2012ProjectFiles\/../Build/GAExpressionLib/Debug\Addition.obj
         C:\GeometricAlgebraSystem\VS2012ProjectFiles\/../Build/GAExpressionLib/Debug\Associator.obj
         C:\GeometricAlgebraSystem\VS2012ProjectFiles\/../Build/GAExpressionLib/Debug\BilinearForm.obj
         C:\GeometricAlgebraSystem\VS2012ProjectFiles\/../Build/GAExpressionLib/Debug\Compressor.obj
         C:\GeometricAlgebraSystem\VS2012ProjectFiles\/../Build/GAExpressionLib/Debug\Distributor.obj
         C:\GeometricAlgebraSystem\VS2012ProjectFiles\/../Build/GAExpressionLib/Debug\Expander.obj
         C:\GeometricAlgebraSystem\VS2012ProjectFiles\/../Build/GAExpressionLib/Debug\GeometricProduct.obj
         C:\GeometricAlgebraSystem\VS2012ProjectFiles\/../Build/GAExpressionLib/Debug\InnerProduct.obj
         C:\GeometricAlgebraSystem\VS2012ProjectFiles\/../Build/GAExpressionLib/Debug\Manipulator.obj
         C:\GeometricAlgebraSystem\VS2012ProjectFiles\/../Build/GAExpressionLib/Debug\NumericReal.obj
         C:\GeometricAlgebraSystem\VS2012ProjectFiles\/../Build/GAExpressionLib/Debug\Operand.obj
         C:\GeometricAlgebraSystem\VS2012ProjectFiles\/../Build/GAExpressionLib/Debug\Operation.obj
         C:\GeometricAlgebraSystem\VS2012ProjectFiles\/../Build/GAExpressionLib/Debug\OuterProduct.obj
         C:\GeometricAlgebraSystem\VS2012ProjectFiles\/../Build/GAExpressionLib/Debug\Product.obj
         C:\GeometricAlgebraSystem\VS2012ProjectFiles\/../Build/GAExpressionLib/Debug\Scalar.obj
         C:\GeometricAlgebraSystem\VS2012ProjectFiles\/../Build/GAExpressionLib/Debug\ScaledSymbol.obj
         C:\GeometricAlgebraSystem\VS2012ProjectFiles\/../Build/GAExpressionLib/Debug\SymbolicReal.obj
         C:\GeometricAlgebraSystem\VS2012ProjectFiles\/../Build/GAExpressionLib/Debug\Vector.obj
         GAExpressionLib.vcxproj -> C:\GeometricAlgebraSystem\VS2012ProjectFiles\/../Build/GAExpressionLib/Debug\GAExpressionLib.dll
     1>Done Building Project "C:\GeometricAlgebraSystem\VS2012ProjectFiles\GAExpressionLib.vcxproj" (Build target(s)).

Build succeeded.

Time Elapsed 00:00:00.90
